2020-03-21 22:25:43.304  INFO 10064 --- [restartedMain] com.ws.WblogApplication                  : Starting WblogApplication on SC-201801191636 with PID 10064 (started by Administrator in D:\Idea工作空间\wblog\wblog)
2020-03-21 22:25:43.310  INFO 10064 --- [restartedMain] com.ws.WblogApplication                  : The following profiles are active: pro
2020-03-21 22:25:47.134  WARN 10064 --- [restartedMain] aWebConfiguration$JpaWebMvcConfiguration : spring.jpa.open-in-view is enabled by default. Therefore, database queries may be performed during view rendering. Explicitly configure spring.jpa.open-in-view to disable this warning
2020-03-21 22:25:47.676  INFO 10064 --- [restartedMain] com.ws.WblogApplication                  : Started WblogApplication in 4.861 seconds (JVM running for 5.561)
2020-03-21 22:26:05.107  INFO 10064 --- [http-nio-8081-exec-2] com.ws.aspects.LogAspect                 : Request : aspectPojo{url='http://localhost:8081/', ip='0:0:0:0:0:0:0:1', classMethod='com.ws.web.indexController.index', args=[Page request [number: 0, size 8, sort: updateTime: DESC], {}]}
2020-03-21 22:26:05.197  WARN 10064 --- [http-nio-8081-exec-2] org.hibernate.orm.deprecation            : HHH90000016: Found use of deprecated 'collection property' syntax in HQL/JPQL query [t.blogs.size]; use collection function syntax instead [size(t.blogs)].
2020-03-21 22:26:05.209  WARN 10064 --- [http-nio-8081-exec-2] org.hibernate.orm.deprecation            : HHH90000016: Found use of deprecated 'collection property' syntax in HQL/JPQL query [t.blogs.size]; use collection function syntax instead [size(t.blogs)].
2020-03-21 22:26:05.221  INFO 10064 --- [http-nio-8081-exec-2] com.ws.aspects.LogAspect                 : Result : index
2020-03-21 22:26:06.155  INFO 10064 --- [http-nio-8081-exec-7] com.ws.aspects.LogAspect                 : Request : aspectPojo{url='http://localhost:8081/footer/newblog', ip='0:0:0:0:0:0:0:1', classMethod='com.ws.web.indexController.newBlogs', args=[{}]}
2020-03-21 22:26:06.166  INFO 10064 --- [http-nio-8081-exec-7] com.ws.aspects.LogAspect                 : Result : _fragments::newblogList
2020-03-21 22:26:08.931  INFO 10064 --- [http-nio-8081-exec-6] com.ws.aspects.LogAspect                 : Request : aspectPojo{url='http://localhost:8081/types/-1', ip='0:0:0:0:0:0:0:1', classMethod='com.ws.web.TypeShowController.types', args=[Page request [number: 0, size 8, sort: updateTime: DESC], -1, {}]}
2020-03-21 22:26:08.968  INFO 10064 --- [http-nio-8081-exec-6] com.ws.aspects.LogAspect                 : Result : type
2020-03-21 22:26:09.553  INFO 10064 --- [http-nio-8081-exec-6] com.ws.aspects.LogAspect                 : Request : aspectPojo{url='http://localhost:8081/footer/newblog', ip='0:0:0:0:0:0:0:1', classMethod='com.ws.web.indexController.newBlogs', args=[{}]}
2020-03-21 22:26:09.565  INFO 10064 --- [http-nio-8081-exec-6] com.ws.aspects.LogAspect                 : Result : _fragments::newblogList
2020-03-21 22:26:10.843  INFO 10064 --- [http-nio-8081-exec-4] com.ws.aspects.LogAspect                 : Request : aspectPojo{url='http://localhost:8081/tags/-1', ip='0:0:0:0:0:0:0:1', classMethod='com.ws.web.TagShowController.types', args=[Page request [number: 0, size 8, sort: updateTime: DESC], -1, {}]}
2020-03-21 22:26:10.891  INFO 10064 --- [http-nio-8081-exec-4] com.ws.aspects.LogAspect                 : Result : tags
2020-03-21 22:26:11.495  INFO 10064 --- [http-nio-8081-exec-4] com.ws.aspects.LogAspect                 : Request : aspectPojo{url='http://localhost:8081/footer/newblog', ip='0:0:0:0:0:0:0:1', classMethod='com.ws.web.indexController.newBlogs', args=[{}]}
2020-03-21 22:26:11.511  INFO 10064 --- [http-nio-8081-exec-4] com.ws.aspects.LogAspect                 : Result : _fragments::newblogList
2020-03-21 22:26:11.999  INFO 10064 --- [http-nio-8081-exec-1] com.ws.aspects.LogAspect                 : Request : aspectPojo{url='http://localhost:8081/archives', ip='0:0:0:0:0:0:0:1', classMethod='com.ws.web.ArchiveShowController.archive', args=[{}]}
2020-03-21 22:26:12.110  INFO 10064 --- [http-nio-8081-exec-1] com.ws.aspects.LogAspect                 : Result : archives
2020-03-21 22:26:12.660  INFO 10064 --- [http-nio-8081-exec-3] com.ws.aspects.LogAspect                 : Request : aspectPojo{url='http://localhost:8081/footer/newblog', ip='0:0:0:0:0:0:0:1', classMethod='com.ws.web.indexController.newBlogs', args=[{}]}
2020-03-21 22:26:12.674  INFO 10064 --- [http-nio-8081-exec-3] com.ws.aspects.LogAspect                 : Result : _fragments::newblogList
2020-03-21 22:26:16.810  INFO 10064 --- [http-nio-8081-exec-5] com.ws.aspects.LogAspect                 : Request : aspectPojo{url='http://localhost:8081/about', ip='0:0:0:0:0:0:0:1', classMethod='com.ws.web.AboutShowController.about', args=[]}
2020-03-21 22:26:16.813  INFO 10064 --- [http-nio-8081-exec-5] com.ws.aspects.LogAspect                 : Result : about
2020-03-21 22:26:17.353  INFO 10064 --- [http-nio-8081-exec-2] com.ws.aspects.LogAspect                 : Request : aspectPojo{url='http://localhost:8081/footer/newblog', ip='0:0:0:0:0:0:0:1', classMethod='com.ws.web.indexController.newBlogs', args=[{}]}
2020-03-21 22:26:17.362  INFO 10064 --- [http-nio-8081-exec-2] com.ws.aspects.LogAspect                 : Result : _fragments::newblogList
2020-03-21 22:26:17.959  INFO 10064 --- [http-nio-8081-exec-8] com.ws.aspects.LogAspect                 : Request : aspectPojo{url='http://localhost:8081/tags/-1', ip='0:0:0:0:0:0:0:1', classMethod='com.ws.web.TagShowController.types', args=[Page request [number: 0, size 8, sort: updateTime: DESC], -1, {}]}
2020-03-21 22:26:17.976  INFO 10064 --- [http-nio-8081-exec-8] com.ws.aspects.LogAspect                 : Result : tags
2020-03-21 22:26:18.523  INFO 10064 --- [http-nio-8081-exec-8] com.ws.aspects.LogAspect                 : Request : aspectPojo{url='http://localhost:8081/footer/newblog', ip='0:0:0:0:0:0:0:1', classMethod='com.ws.web.indexController.newBlogs', args=[{}]}
2020-03-21 22:26:18.534  INFO 10064 --- [http-nio-8081-exec-8] com.ws.aspects.LogAspect                 : Result : _fragments::newblogList
2020-03-21 22:26:18.957  INFO 10064 --- [http-nio-8081-exec-9] com.ws.aspects.LogAspect                 : Request : aspectPojo{url='http://localhost:8081/types/-1', ip='0:0:0:0:0:0:0:1', classMethod='com.ws.web.TypeShowController.types', args=[Page request [number: 0, size 8, sort: updateTime: DESC], -1, {}]}
2020-03-21 22:26:18.971  INFO 10064 --- [http-nio-8081-exec-9] com.ws.aspects.LogAspect                 : Result : type
2020-03-21 22:26:19.519  INFO 10064 --- [http-nio-8081-exec-8] com.ws.aspects.LogAspect                 : Request : aspectPojo{url='http://localhost:8081/footer/newblog', ip='0:0:0:0:0:0:0:1', classMethod='com.ws.web.indexController.newBlogs', args=[{}]}
2020-03-21 22:26:19.530  INFO 10064 --- [http-nio-8081-exec-8] com.ws.aspects.LogAspect                 : Result : _fragments::newblogList
2020-03-21 22:26:20.189  INFO 10064 --- [http-nio-8081-exec-9] com.ws.aspects.LogAspect                 : Request : aspectPojo{url='http://localhost:8081/', ip='0:0:0:0:0:0:0:1', classMethod='com.ws.web.indexController.index', args=[Page request [number: 0, size 8, sort: updateTime: DESC], {}]}
2020-03-21 22:26:20.211  INFO 10064 --- [http-nio-8081-exec-9] com.ws.aspects.LogAspect                 : Result : index
2020-03-21 22:26:20.739  INFO 10064 --- [http-nio-8081-exec-1] com.ws.aspects.LogAspect                 : Request : aspectPojo{url='http://localhost:8081/footer/newblog', ip='0:0:0:0:0:0:0:1', classMethod='com.ws.web.indexController.newBlogs', args=[{}]}
2020-03-21 22:26:20.751  INFO 10064 --- [http-nio-8081-exec-1] com.ws.aspects.LogAspect                 : Result : _fragments::newblogList
